#-----------------------------------------------------------
# Vivado v2018.2 (64-bit)
# SW Build 2258646 on Thu Jun 14 20:03:12 MDT 2018
# IP Build 2256618 on Thu Jun 14 22:10:49 MDT 2018
# Start of session at: Tue Feb 18 11:29:11 2020
# Process ID: 16068
# Current directory: D:/verilog_test/M2V
# Command line: vivado.exe -gui_launcher_event rodinguilauncherevent8848 D:\verilog_test\M2V\M2V.xpr
# Log file: D:/verilog_test/M2V/vivado.log
# Journal file: D:/verilog_test/M2V\vivado.jou
#-----------------------------------------------------------
start_gui
open_project D:/verilog_test/M2V/M2V.xpr
Scanning sources...
Finished scanning sources
INFO: [IP_Flow 19-234] Refreshing IP repositories
INFO: [IP_Flow 19-1704] No user IP repositories specified
INFO: [IP_Flow 19-2313] Loaded Vivado IP repository 'D:/vivado/Vivado/2018.2/data/ip'.
open_project: Time (s): cpu = 00:00:17 ; elapsed = 00:00:13 . Memory (MB): peak = 869.047 ; gain = 136.137
update_compile_order -fileset sources_1
exit
INFO: [Common 17-206] Exiting Vivado at Tue Feb 18 21:03:04 2020...
