#-----------------------------------------------------------
# Vivado v2018.2 (64-bit)
# SW Build 2258646 on Thu Jun 14 20:03:12 MDT 2018
# IP Build 2256618 on Thu Jun 14 22:10:49 MDT 2018
# Start of session at: Fri Feb 21 10:31:32 2020
# Process ID: 10120
# Current directory: D:/verilog_test/M2V
# Command line: vivado.exe -gui_launcher_event rodinguilauncherevent16392 D:\verilog_test\M2V\M2V.xpr
# Log file: D:/verilog_test/M2V/vivado.log
# Journal file: D:/verilog_test/M2V\vivado.jou
#-----------------------------------------------------------
start_gui
open_project D:/verilog_test/M2V/M2V.xpr
Scanning sources...
Finished scanning sources
INFO: [IP_Flow 19-234] Refreshing IP repositories
INFO: [IP_Flow 19-1704] No user IP repositories specified
INFO: [IP_Flow 19-2313] Loaded Vivado IP repository 'D:/vivado/Vivado/2018.2/data/ip'.
open_project: Time (s): cpu = 00:00:16 ; elapsed = 00:00:12 . Memory (MB): peak = 857.984 ; gain = 132.773
update_compile_order -fileset sources_1
close_project
create_project MRD_new D:/verilog_test/MRD_new -part xc7vx485tffg1157-1
INFO: [IP_Flow 19-234] Refreshing IP repositories
INFO: [IP_Flow 19-1704] No user IP repositories specified
INFO: [IP_Flow 19-2313] Loaded Vivado IP repository 'D:/vivado/Vivado/2018.2/data/ip'.
create_project: Time (s): cpu = 00:00:11 ; elapsed = 00:00:07 . Memory (MB): peak = 894.719 ; gain = 12.035
add_files -norecurse {C:/Users/K/Desktop/rtl/adder.v C:/Users/K/Desktop/rtl/PE.v C:/Users/K/Desktop/rtl/par_to_ser.v C:/Users/K/Desktop/rtl/A_appro_inv.v C:/Users/K/Desktop/rtl/v2v_par.v C:/Users/K/Desktop/rtl/MRD_iter.v C:/Users/K/Desktop/rtl/PE_A.v C:/Users/K/Desktop/rtl/mat_to_vec.v C:/Users/K/Desktop/rtl/top.v C:/Users/K/Desktop/rtl/v2v_seq.v C:/Users/K/Desktop/rtl/M_each_col.v C:/Users/K/Desktop/rtl/ser_to_par.v C:/Users/K/Desktop/rtl/Mb_cal.v C:/Users/K/Desktop/rtl/d_set_def.v C:/Users/K/Desktop/rtl/assign_tmp.v}
import_files -force -norecurse
INFO: [filemgmt 20-348] Importing the appropriate files for fileset: 'sources_1'
update_compile_order -fileset sources_1
update_compile_order -fileset sources_1
set_property top top [current_fileset]
update_compile_order -fileset sources_1
file mkdir D:/verilog_test/MRD_new/MRD_new.srcs/sources_1/new
close [ open D:/verilog_test/MRD_new/MRD_new.srcs/sources_1/new/M2V.v w ]
add_files D:/verilog_test/MRD_new/MRD_new.srcs/sources_1/new/M2V.v
update_compile_order -fileset sources_1
exit
INFO: [Common 17-206] Exiting Vivado at Fri Feb 21 10:47:34 2020...
